[Sun, 28 Jul 2013 21:57:45 GMT] INFO Server starting with config: {
  "environment": "development",
  "workers": 1,
  "port": 4000,
  "spdy": null,
  "ssl": null,
  "flash": {
    "defaultClass": "alert",
    "inlineClasses": {
      "success": "alert alert-success",
      "alert": "alert",
      "error": "alert alert-error",
      "info": "alert alert-info"
    },
    "blockClasses": {
      "success": "alert alert-block alert-success",
      "alert": "alert alert-block",
      "error": "alert alert-block alert-error",
      "info": "alert alert-block alert-info"
    }
  },
  "debug": true,
  "rotateWorkers": false,
  "rotationWindow": 7200000,
  "rotationTimeout": 300000,
  "logDir": "/Users/harouns/node/sigma/log",
  "gracefulShutdownTimeout": 30000,
  "heartbeatInterval": 5000,
  "heartbeatWindow": 20000,
  "staticFilePath": "/Users/harouns/node/sigma/public",
  "cacheControl": {
    "expires": {
      "default": 0
    }
  },
  "sessions": {
    "store": "memory",
    "key": "sid",
    "expiry": 1209600
  },
  "cookieSessionKey": "sdata",
  "i18n": {
    "defaultLocale": "en-us",
    "loadPaths": [
      "/Users/harouns/node/sigma/config/locales"
    ]
  },
  "hostname": null,
  "fullHostname": null,
  "connectCompatibility": false,
  "detailedErrors": true,
  "model": {
    "defaultAdapter": "memory"
  }
}
[Sun, 28 Jul 2013 21:57:45 GMT] INFO Creating 1 worker process.
[Sun, 28 Jul 2013 21:57:46 GMT] INFO Server worker running in development on port 4000 with a PID of: 42769
[Sun, 28 Jul 2013 22:43:04 GMT] INFO Code changed, killing 42769, cycling ...
[Sun, 28 Jul 2013 22:43:04 GMT] INFO Creating 1 worker process.
[Sun, 28 Jul 2013 22:43:04 GMT] INFO Server worker running in development on port 4000 with a PID of: 43153
[Sun, 28 Jul 2013 22:43:25 GMT] INFO Code changed, killing 43153, cycling ...
[Sun, 28 Jul 2013 22:43:25 GMT] INFO Creating 1 worker process.
[Sun, 28 Jul 2013 22:43:25 GMT] INFO Server worker running in development on port 4000 with a PID of: 43160
[Sun, 28 Jul 2013 22:44:54 GMT] INFO Code changed, killing 43160, cycling ...
[Sun, 28 Jul 2013 22:44:54 GMT] INFO Creating 1 worker process.
[Sun, 28 Jul 2013 22:44:54 GMT] INFO Server worker running in development on port 4000 with a PID of: 43173
[Sun, 28 Jul 2013 22:46:14 GMT] INFO Code changed, killing 43173, cycling ...
[Sun, 28 Jul 2013 22:46:14 GMT] INFO Creating 1 worker process.
[Sun, 28 Jul 2013 22:46:14 GMT] INFO Server worker running in development on port 4000 with a PID of: 43190
[Sun, 28 Jul 2013 22:49:07 GMT] INFO Code changed, killing 43190, cycling ...
[Sun, 28 Jul 2013 22:49:07 GMT] INFO Creating 1 worker process.
[Sun, 28 Jul 2013 22:49:07 GMT] INFO Server worker running in development on port 4000 with a PID of: 43216
